
2023-06-20 00:33:32,973 - __main__ - WARNING - PPCB Failed
2023-06-20 00:33:46,952 - __main__ - WARNING - SPGI Failed
2023-06-20 00:34:12,393 - __main__ - WARNING - CTA-PA Failed
2023-06-20 00:36:45,760 - __main__ - WARNING - CMS-PB Failed
2023-06-20 00:43:58,932 - __main__ - WARNING - CVT Failed
2023-06-20 00:44:05,025 - __main__ - WARNING - GRP-UN Failed
2023-06-20 00:44:23,547 - __main__ - WARNING - CS Failed
2023-06-20 00:45:17,387 - __main__ - WARNING - OZON Failed
2023-06-20 00:45:32,844 - __main__ - WARNING - AKO-A Failed
2023-06-20 00:49:35,189 - __main__ - WARNING - AHL-PC Failed
2023-06-20 00:49:56,608 - __main__ - WARNING - HSKA Failed
2023-06-20 00:51:19,947 - __main__ - WARNING - HHR Failed
2023-06-20 00:51:26,290 - __main__ - WARNING - BELFA Failed
2023-06-20 00:51:34,769 - __main__ - WARNING - RUTH Failed
2023-06-20 00:52:00,428 - __main__ - WARNING - PERF Failed
2023-06-20 00:53:34,378 - __main__ - WARNING - TROO Failed
2023-06-20 00:53:45,374 - __main__ - WARNING - TCI Failed
2023-06-20 00:53:46,564 - __main__ - WARNING - STET Failed
2023-06-20 00:54:07,990 - __main__ - WARNING - RJAC Failed
2023-06-20 00:54:43,071 - __main__ - WARNING - CIAN Failed
2023-06-20 00:54:55,437 - __main__ - WARNING - MBCN Failed
2023-06-20 00:55:41,814 - __main__ - WARNING - TDAC Failed
2023-06-20 00:57:02,403 - __main__ - WARNING - CBFV Failed
2023-06-20 00:57:05,121 - __main__ - WARNING - BRID Failed
2023-06-21 15:58:29,877 - __main__ - WARNING - FCAP Failed
2023-06-21 15:58:38,706 - __main__ - WARNING - SFBC Failed
2023-06-21 15:59:06,202 - __main__ - WARNING - AIRT Failed
2023-06-21 15:59:12,601 - __main__ - WARNING - VENG Failed
2023-06-21 15:59:17,186 - __main__ - WARNING - MGYR Failed
2023-06-21 15:59:23,877 - __main__ - WARNING - LINK Failed
2023-06-21 15:59:29,669 - __main__ - WARNING - LSBK Failed
2023-06-21 15:59:53,671 - __main__ - WARNING - ZYRX Failed
2023-06-21 16:00:23,085 - __main__ - WARNING - HFBL Failed
2023-06-21 16:00:52,774 - __main__ - WARNING - APWC Failed
2023-06-21 16:01:09,637 - __main__ - WARNING - PATI Failed
2023-06-21 16:01:14,965 - __main__ - WARNING - PNBK Failed
2023-06-21 16:01:22,400 - __main__ - WARNING - IHT Failed
2023-06-21 16:01:24,536 - __main__ - WARNING - BRN Failed
2023-06-21 16:01:34,939 - __main__ - WARNING - CVR Failed
2023-06-21 16:01:36,499 - __main__ - WARNING - FPAY Failed
2023-06-21 16:01:55,656 - __main__ - WARNING - PFIN Failed
2023-06-21 16:02:02,701 - __main__ - WARNING - CNFR Failed
2023-06-21 16:02:22,158 - __main__ - WARNING - JCTCF Failed
2023-06-21 16:02:32,354 - __main__ - WARNING - CYAD Failed
2023-06-21 16:02:39,363 - __main__ - WARNING - GYRO Failed
2023-06-21 16:02:42,455 - __main__ - WARNING - USBL Failed
2023-06-21 16:02:51,258 - __main__ - WARNING - AIRO Failed
2023-06-21 16:04:41,004 - __main__ - WARNING - CAPC Failed
2023-06-21 16:04:52,838 - __main__ - WARNING - TRMNF Failed
2023-06-21 16:05:06,819 - __main__ - WARNING - QTNTQ Failed
2023-06-21 16:05:12,186 - __main__ - WARNING - TCDAQ Failed
2023-06-21 16:05:26,586 - __main__ - WARNING - LCINQ Failed
2023-06-21 16:05:35,385 - __main__ - WARNING - DGWR Failed
2023-06-21 16:05:39,211 - __main__ - WARNING - ECGR Failed
2023-06-21 16:05:57,259 - __main__ - WARNING - SYRA Failed
2023-06-21 16:05:57,853 - __main__ - WARNING - OILS Failed
2023-06-21 16:05:57,911 - __main__ - WARNING - NTCL Failed
2023-06-21 16:05:57,924 - __main__ - WARNING - SZL Failed
2023-06-21 16:05:57,979 - __main__ - WARNING - UERI Failed
2023-06-21 16:05:58,377 - __main__ - WARNING - JUNS Failed
2023-06-21 16:05:58,384 - __main__ - WARNING - EPWK Failed
2023-06-21 16:05:59,088 - __main__ - WARNING - SVV Failed
2023-06-21 16:05:59,150 - __main__ - WARNING - OMED Failed
2023-06-21 16:05:59,469 - __main__ - WARNING - EMTX Failed
2023-06-21 16:06:00,020 - __main__ - WARNING - PWM Failed
2023-06-21 16:06:00,838 - __main__ - WARNING - HXHX Failed
2023-06-21 16:06:01,080 - __main__ - WARNING - TSIO Failed
2023-06-21 16:06:01,267 - __main__ - WARNING - LNZNY Failed
2023-06-21 16:06:01,438 - __main__ - WARNING - SED Failed
2023-06-21 16:06:02,000 - __main__ - WARNING - ELGP Failed
2023-06-21 16:06:02,100 - __main__ - WARNING - PMTM Failed
2023-06-21 16:06:02,185 - __main__ - WARNING - BZFL Failed
2023-06-21 16:06:02,342 - __main__ - WARNING - PGFF Failed
2023-06-21 16:06:03,431 - __main__ - WARNING - ZLME Failed
2023-06-21 16:06:03,546 - __main__ - WARNING - VTMX Failed
2023-06-21 16:06:03,776 - __main__ - WARNING - NEAT Failed
2023-06-21 16:06:04,491 - __main__ - WARNING - KCRD Failed
2023-06-21 16:06:04,800 - __main__ - WARNING - MPH Failed
2023-06-21 16:06:04,923 - __main__ - WARNING - CHRO Failed
2023-06-21 16:06:05,429 - __main__ - WARNING - NYX Failed
2023-06-21 16:06:06,066 - __main__ - WARNING - ASCIX Failed
2023-06-21 16:06:06,417 - __main__ - WARNING - SXTP Failed
2023-06-21 16:06:07,000 - __main__ - WARNING - GC Failed
2023-06-21 16:06:07,344 - __main__ - WARNING - SMXT Failed
2023-06-21 16:06:07,357 - __main__ - WARNING - FIO Failed
2023-06-21 16:06:07,422 - __main__ - WARNING - HBER Failed
2023-06-21 16:06:07,559 - __main__ - WARNING - ODDB Failed
2023-06-21 16:06:07,795 - __main__ - WARNING - GOSC Failed
2023-06-21 16:06:07,992 - __main__ - WARNING - DAZS Failed
2023-06-21 16:06:09,218 - __main__ - WARNING - GMM Failed
2023-06-21 16:06:09,239 - __main__ - WARNING - NWGL Failed
2023-06-21 16:06:09,283 - __main__ - WARNING - ETZ Failed
2023-06-21 16:06:09,566 - __main__ - WARNING - QGLD Failed
2023-06-21 16:06:09,709 - __main__ - WARNING - OSTX Failed
2023-06-21 16:06:09,936 - __main__ - WARNING - ALEF Failed
2023-06-21 16:06:10,424 - __main__ - WARNING - INTJ Failed
2023-06-21 16:06:10,484 - __main__ - WARNING - HLST Failed
2023-06-21 16:06:10,527 - __main__ - WARNING - PXDT Failed
2023-06-21 16:06:10,679 - __main__ - WARNING - SOSH Failed
2023-06-21 16:06:11,059 - __main__ - WARNING - VSTE Failed
2023-06-21 16:06:11,622 - __main__ - WARNING - BTRY Failed
2023-06-21 16:06:11,623 - __main__ - WARNING - SKUR Failed
2023-06-21 16:06:11,653 - __main__ - WARNING - BGAC Failed
2023-06-21 16:06:12,414 - __main__ - WARNING - AUMB Failed
2023-06-21 16:06:12,432 - __main__ - WARNING - BDS Failed
2023-06-21 16:06:12,483 - __main__ - WARNING - PROQ Failed
2023-06-21 16:06:12,618 - __main__ - WARNING - AQUB Failed
2023-06-21 16:06:13,243 - __main__ - WARNING - ZBJ Failed
2023-06-21 16:06:13,367 - __main__ - WARNING - MJID Failed
2023-06-21 16:06:13,883 - __main__ - WARNING - MDBH Failed
2023-06-21 16:06:14,109 - __main__ - WARNING - PAPL Failed
2023-06-21 16:06:14,854 - __main__ - WARNING - TURO Failed
2023-06-21 16:06:15,110 - __main__ - WARNING - USEE Failed
2023-06-21 16:06:15,268 - __main__ - WARNING - CTWO Failed
2023-06-21 16:06:15,417 - __main__ - WARNING - CKHL Failed
2023-06-21 16:06:15,580 - __main__ - WARNING - GCGJ Failed
2023-06-21 16:06:15,812 - __main__ - WARNING - VACX Failed
2023-06-21 16:06:16,059 - __main__ - WARNING - HUHU Failed
2023-06-21 16:06:16,142 - __main__ - WARNING - BNTY Failed
2023-06-21 16:06:16,382 - __main__ - WARNING - LOBO Failed
2023-06-21 16:06:16,719 - __main__ - WARNING - ELEP Failed
2023-06-21 16:06:17,074 - __main__ - WARNING - WOK Failed
2023-06-21 16:06:17,213 - __main__ - WARNING - SMGE Failed
2023-06-21 16:06:17,228 - __main__ - WARNING - TRSG Failed
2023-06-21 16:06:17,394 - __main__ - WARNING - THNK Failed
2023-06-21 16:06:17,915 - __main__ - WARNING - FDAN Failed
2023-06-21 16:06:17,950 - __main__ - WARNING - TDAI Failed
2023-06-21 16:06:18,227 - __main__ - WARNING - LIAI Failed
2023-06-21 16:06:18,569 - __main__ - WARNING - KBSG Failed
2023-06-21 16:06:18,906 - __main__ - WARNING - LQLY Failed
2023-06-21 16:06:19,058 - __main__ - WARNING - YZH Failed
2023-06-21 16:06:19,181 - __main__ - WARNING - EAWC Failed
2023-06-21 16:06:19,304 - __main__ - WARNING - DXYZ Failed
2023-06-21 16:06:19,575 - __main__ - WARNING - GJP Failed
2023-06-21 16:06:19,630 - __main__ - WARNING - SMST Failed
2023-06-21 16:06:20,187 - __main__ - WARNING - ALCY Failed
2023-06-21 16:06:20,441 - __main__ - WARNING - SEQP Failed
2023-06-21 16:06:21,319 - __main__ - WARNING - PSE Failed
2023-06-21 16:06:21,392 - __main__ - WARNING - IVP Failed
2023-06-21 16:06:21,488 - __main__ - WARNING - PGRM Failed
2023-06-21 16:06:21,819 - __main__ - WARNING - ANVI Failed
2023-06-21 16:06:21,967 - __main__ - WARNING - IAMR Failed
2023-06-21 16:06:22,256 - __main__ - WARNING - NRXS Failed
2023-06-21 16:06:22,622 - __main__ - WARNING - FIHL Failed
2023-06-21 16:06:22,665 - __main__ - WARNING - NNAG Failed
2023-06-21 16:06:22,840 - __main__ - WARNING - AIDG Failed
2023-06-21 16:06:24,343 - __main__ - WARNING - HOTI Failed
2023-06-21 16:06:24,472 - __main__ - WARNING - SWGC Failed
2023-06-21 16:06:24,594 - __main__ - WARNING - BCG Failed
2023-06-21 16:06:24,695 - __main__ - WARNING - ESH Failed
2023-06-21 16:06:25,154 - __main__ - WARNING - FLXG Failed
2023-06-21 16:06:25,470 - __main__ - WARNING - RPGL Failed
2023-06-21 16:06:25,513 - __main__ - WARNING - JNRV Failed
2023-06-21 16:06:25,758 - __main__ - WARNING - YMAT Failed
2023-06-21 16:06:26,232 - __main__ - WARNING - ALEH Failed
2023-06-21 16:06:26,685 - __main__ - WARNING - MDRI Failed
2023-06-21 16:06:26,740 - __main__ - WARNING - ELWS Failed
2023-06-21 16:06:26,835 - __main__ - WARNING - PHIN Failed
2023-06-21 16:06:26,918 - __main__ - WARNING - ROMA Failed
2023-06-21 16:06:27,064 - __main__ - WARNING - PMEC Failed
2023-06-21 16:06:27,152 - __main__ - WARNING - SRBK Failed
2023-06-21 16:06:28,337 - __main__ - WARNING - OLSI Failed
2023-06-21 16:06:28,443 - __main__ - WARNING - FOGO Failed
2023-06-21 16:06:29,091 - __main__ - WARNING - SAG Failed
2023-06-21 16:06:29,274 - __main__ - WARNING - GSGG Failed
2023-06-21 16:06:29,480 - __main__ - WARNING - EVTS Failed
2023-06-21 16:06:29,632 - __main__ - WARNING - MDLB Failed
2023-06-21 16:06:29,983 - __main__ - WARNING - TKO Failed
2023-06-21 16:06:30,107 - __main__ - WARNING - WETO Failed
2023-06-21 16:06:30,638 - __main__ - WARNING - DDCIU Failed
2023-06-21 16:06:30,773 - __main__ - WARNING - HRYU Failed
2023-06-21 16:06:31,190 - __main__ - WARNING - YIBO Failed
2023-06-21 16:06:31,213 - __main__ - WARNING - IBG Failed
2023-06-21 16:06:31,524 - __main__ - WARNING - TWEN Failed
2023-06-21 16:06:31,654 - __main__ - WARNING - MSS Failed
2023-06-21 16:06:32,031 - __main__ - WARNING - LBIO Failed
2023-06-21 16:06:32,324 - __main__ - WARNING - BEEP Failed
2023-06-21 16:06:32,361 - __main__ - WARNING - JJOC Failed
2023-06-21 16:06:32,932 - __main__ - WARNING - SWIN Failed
2023-06-21 16:06:33,031 - __main__ - WARNING - PMC Failed
2023-06-21 16:06:33,128 - __main__ - WARNING - AMGS Failed
2023-06-21 16:06:33,298 - __main__ - WARNING - CECL Failed
2023-06-21 16:06:33,726 - __main__ - WARNING - GODN Failed
2023-06-21 16:06:34,020 - __main__ - WARNING - ZTOP Failed
2023-06-21 16:06:34,203 - __main__ - WARNING - RUSA Failed
2023-06-21 16:06:34,246 - __main__ - WARNING - CRGT Failed
2023-06-21 16:06:34,281 - __main__ - WARNING - SUNH Failed
2023-06-21 16:06:34,313 - __main__ - WARNING - SPGC Failed
2023-06-21 16:06:35,124 - __main__ - WARNING - TNT Failed
2023-06-21 16:06:35,472 - __main__ - WARNING - LRE Failed
2023-06-21 16:06:35,625 - __main__ - WARNING - SRFM Failed
2023-06-21 16:06:35,663 - __main__ - WARNING - MTEN Failed
2023-06-21 16:06:36,157 - __main__ - WARNING - BRNI Failed
2023-06-21 16:06:36,317 - __main__ - WARNING - INTS Failed
2023-06-21 16:06:36,848 - __main__ - WARNING - MNGA Failed
2023-06-21 16:06:37,163 - __main__ - WARNING - LVDW Failed
2023-06-21 16:06:37,214 - __main__ - WARNING - NWAC Failed
2023-06-21 16:06:37,256 - __main__ - WARNING - ASPP Failed
2023-06-21 16:06:37,363 - __main__ - WARNING - IPXX Failed
2023-06-21 16:06:38,088 - __main__ - WARNING - EGOX Failed
2023-06-21 16:06:38,243 - __main__ - WARNING - CRML Failed
2023-06-21 16:06:38,284 - __main__ - WARNING - ULY Failed
2023-06-21 16:06:38,422 - __main__ - WARNING - UBXG Failed
2023-06-21 16:06:38,458 - __main__ - WARNING - GLE Failed
2023-06-21 16:06:38,480 - __main__ - WARNING - INTM Failed
2023-06-21 16:06:38,897 - __main__ - WARNING - ADOB Failed
2023-06-21 16:06:39,072 - __main__ - WARNING - MDRN Failed
2023-06-21 16:06:39,260 - __main__ - WARNING - ABLV Failed
2023-06-21 16:06:39,307 - __main__ - WARNING - SODR Failed
2023-06-21 16:06:39,330 - __main__ - WARNING - HESP Failed
2023-06-21 16:06:39,766 - __main__ - WARNING - NBBK Failed
2023-06-21 16:06:39,845 - __main__ - WARNING - GTTJ Failed
2023-06-21 16:06:40,003 - __main__ - WARNING - HUAK Failed
2023-06-21 16:06:40,320 - __main__ - WARNING - XSIAX Failed
2023-06-21 16:06:40,700 - __main__ - WARNING - HGIA Failed
2023-06-21 16:06:40,717 - __main__ - WARNING - ETI-P Failed
2023-06-21 16:06:40,949 - __main__ - WARNING - XJET Failed
2023-06-21 16:06:41,077 - __main__ - WARNING - SPPL Failed
2023-06-21 16:06:41,791 - __main__ - WARNING - ATCH Failed
2023-06-21 16:06:42,259 - __main__ - WARNING - SGD Failed
2023-06-21 16:06:42,853 - __main__ - WARNING - NISM Failed
2023-06-21 16:06:42,950 - __main__ - WARNING - XYGJ Failed
2023-06-21 16:06:43,248 - __main__ - WARNING - AGII Failed
2023-06-21 16:06:43,623 - __main__ - WARNING - SAGN Failed
2023-06-21 16:06:43,718 - __main__ - WARNING - WRNT Failed
2023-06-21 16:06:44,887 - __main__ - WARNING - FP Failed
2023-06-21 16:06:44,985 - __main__ - WARNING - LTAFX Failed
2023-06-21 16:06:45,203 - __main__ - WARNING - JR Failed
2023-06-21 16:06:45,251 - __main__ - WARNING - CLRS Failed
2023-06-21 16:06:45,325 - __main__ - WARNING - FBYD Failed
2023-06-21 16:06:45,460 - __main__ - WARNING - DTCK Failed
2023-06-21 16:06:45,517 - __main__ - WARNING - VOCO Failed
2023-06-21 16:06:46,469 - __main__ - WARNING - UMAC Failed
2023-06-21 16:06:46,556 - __main__ - WARNING - EHGO Failed
2023-06-21 16:06:47,491 - __main__ - WARNING - WEIB Failed
2023-06-21 16:06:47,544 - __main__ - WARNING - ELSN Failed
2023-06-21 16:06:47,660 - __main__ - WARNING - MI Failed
2023-06-21 16:06:47,684 - __main__ - WARNING - MERQ Failed
2023-06-21 16:06:48,390 - __main__ - WARNING - AITR Failed
2023-06-21 16:06:48,415 - __main__ - WARNING - SAVU Failed
2023-06-21 16:06:48,906 - __main__ - WARNING - LRHC Failed
2023-06-21 16:06:49,331 - __main__ - WARNING - CTNT Failed
2023-06-21 16:06:49,367 - __main__ - WARNING - WBUY Failed
2023-06-21 16:06:49,505 - __main__ - WARNING - CVTO Failed
2023-06-21 16:06:49,782 - __main__ - WARNING - KLC Failed
2023-06-21 16:06:49,912 - __main__ - WARNING - BOUW Failed
2023-06-21 16:06:50,300 - __main__ - WARNING - MNX Failed
2023-06-21 16:06:50,335 - __main__ - WARNING - WXT Failed
2023-06-21 16:06:50,623 - __main__ - WARNING - RVR Failed
2023-06-21 16:06:50,973 - __main__ - WARNING - ONS Failed
2023-06-21 16:06:51,303 - __main__ - WARNING - LZM Failed
2023-06-21 16:06:51,428 - __main__ - WARNING - BSME Failed
2023-06-21 16:06:51,453 - __main__ - WARNING - FPAQ Failed
2023-06-21 16:06:51,797 - __main__ - WARNING - CISS Failed
2023-06-21 16:06:51,980 - __main__ - WARNING - DSWR Failed
2023-06-21 16:06:52,071 - __main__ - WARNING - QHI Failed
2023-06-21 16:06:52,136 - __main__ - WARNING - MADL Failed
2023-06-21 16:06:52,150 - __main__ - WARNING - ODRS Failed
2023-06-21 16:06:53,063 - __main__ - WARNING - CDTG Failed
2023-06-21 16:06:53,146 - __main__ - WARNING - ALKD Failed
2023-06-21 16:06:53,845 - __main__ - WARNING - SCIT Failed
2023-06-21 16:06:53,846 - __main__ - WARNING - LBGJ Failed
2023-06-21 16:06:53,887 - __main__ - WARNING - RYET Failed
2023-06-21 16:06:53,950 - __main__ - WARNING - STA Failed
2023-06-21 16:06:54,082 - __main__ - WARNING - DVGR Failed
2023-06-21 16:06:54,125 - __main__ - WARNING - LEWY Failed
2023-06-21 16:06:54,185 - __main__ - WARNING - FTEL Failed
2023-06-21 16:06:54,591 - __main__ - WARNING - LEC Failed
2023-06-21 16:06:54,636 - __main__ - WARNING - BKV Failed
2023-06-21 16:06:54,846 - __main__ - WARNING - ACMSY Failed
2023-06-21 16:06:55,066 - __main__ - WARNING - PODC Failed
2023-06-21 16:06:55,081 - __main__ - WARNING - SAAYY Failed
2023-06-21 16:06:55,136 - __main__ - WARNING - PSIG Failed
2023-06-21 16:06:55,161 - __main__ - WARNING - CNCL Failed
2023-06-21 16:06:55,180 - __main__ - WARNING - AEIB Failed
2023-06-21 16:06:55,742 - __main__ - WARNING - IMSV Failed
2023-06-21 16:06:55,783 - __main__ - WARNING - GLXY Failed
2023-06-21 16:06:55,835 - __main__ - WARNING - AIMA Failed
2023-06-21 16:06:56,370 - __main__ - WARNING - HGRN Failed
2023-06-21 16:06:56,388 - __main__ - WARNING - LGCL Failed
2023-06-21 16:06:56,848 - __main__ - WARNING - EVOH Failed
2023-06-21 16:06:57,547 - __main__ - WARNING - GLXG Failed
2023-06-21 16:06:57,944 - __main__ - WARNING - DCCA Failed
2023-06-21 16:06:58,011 - __main__ - WARNING - BOWN Failed
2023-06-21 16:06:58,413 - __main__ - WARNING - RADX Failed
2023-06-21 16:06:58,429 - __main__ - WARNING - CRGH Failed
2023-06-21 16:06:58,583 - __main__ - WARNING - ADVB Failed
2023-06-21 16:06:58,694 - __main__ - WARNING - GELS Failed
2023-06-21 16:06:59,196 - __main__ - WARNING - BGC Failed
2023-06-21 16:07:00,075 - __main__ - WARNING - ARAG Failed
2023-06-21 16:07:00,200 - __main__ - WARNING - KGS Failed
2023-06-21 16:07:00,225 - __main__ - WARNING - MDLS Failed
2023-06-21 16:07:00,371 - __main__ - WARNING - ZKGCF Failed
2023-06-21 16:07:00,537 - __main__ - WARNING - GFCX Failed
2023-06-21 16:07:00,919 - __main__ - WARNING - DRFY Failed
2023-06-21 16:07:01,162 - __main__ - WARNING - WPA Failed
2023-06-21 16:07:01,251 - __main__ - WARNING - RPET Failed
2023-06-21 16:07:01,476 - __main__ - WARNING - ICR-PA Failed
2023-06-21 16:07:01,683 - __main__ - WARNING - GDLT Failed
2023-06-21 16:07:01,881 - __main__ - WARNING - AFJK Failed
2023-06-21 16:07:01,979 - __main__ - WARNING - YBZN Failed
2023-06-21 16:07:02,057 - __main__ - WARNING - KPN Failed
2023-06-21 16:07:02,473 - __main__ - WARNING - FMST Failed
2023-06-21 16:07:02,934 - __main__ - WARNING - BCGF Failed
2023-06-21 16:07:02,987 - __main__ - WARNING - SRM Failed
2023-06-21 16:07:03,604 - __main__ - WARNING - GENK Failed
2023-06-21 16:07:03,848 - __main__ - WARNING - CJOY Failed
2023-06-21 16:07:04,118 - __main__ - WARNING - OPHV Failed
2023-06-21 16:07:04,465 - __main__ - WARNING - KARX Failed
2023-06-21 16:07:04,594 - __main__ - WARNING - FLCT Failed
2023-06-21 16:07:04,997 - __main__ - WARNING - ALPX Failed
2023-06-21 16:07:05,009 - __main__ - WARNING - ESGL Failed
2023-06-21 16:07:05,298 - __main__ - WARNING - CCTG Failed
2023-06-21 16:07:05,355 - __main__ - WARNING - FSHP Failed
2023-06-21 16:07:05,670 - __main__ - WARNING - OAK-PA Failed
2023-06-21 16:07:06,136 - __main__ - WARNING - ZKH Failed
2023-06-21 16:07:06,553 - __main__ - WARNING - PRZO Failed
2023-06-21 16:07:06,641 - __main__ - WARNING - FBGL Failed
2023-06-21 16:07:06,769 - __main__ - WARNING - SCRP Failed
2023-06-21 16:07:06,824 - __main__ - WARNING - FTRE Failed
2023-06-21 16:07:06,854 - __main__ - WARNING - DESR Failed
2023-06-21 16:07:06,928 - __main__ - WARNING - RVGO Failed
2023-06-21 16:07:07,151 - __main__ - WARNING - USB-PA Failed
2023-06-21 16:07:07,534 - __main__ - WARNING - JPM-PD Failed
2023-06-21 16:07:07,647 - __main__ - WARNING - CEAC Failed
2023-06-21 16:07:07,658 - __main__ - WARNING - BML-PG Failed
2023-06-21 16:07:07,852 - __main__ - WARNING - BML-PH Failed
2023-06-21 16:07:07,928 - __main__ - WARNING - BAC-PE Failed
2023-06-21 16:07:07,948 - __main__ - WARNING - NTV Failed
2023-06-21 16:07:08,042 - __main__ - WARNING - BML-PJ Failed
2023-06-21 16:07:08,422 - __main__ - WARNING - WFC-PQ Failed
2023-06-21 16:07:08,799 - __main__ - WARNING - WFC-PY Failed
2023-06-21 16:07:08,845 - __main__ - WARNING - WFC-PR Failed
2023-06-21 16:07:09,043 - __main__ - WARNING - JPO Failed
2023-06-21 16:07:09,524 - __main__ - WARNING - WFC-PC Failed
2023-06-21 16:07:11,029 - __main__ - WARNING - RY-PT Failed
2023-06-21 16:07:11,461 - __main__ - WARNING - GS-PA Failed
2023-06-21 16:07:11,678 - __main__ - WARNING - MS-PA Failed
2023-06-21 16:07:12,007 - __main__ - WARNING - GS-PD Failed
2023-06-21 16:07:12,651 - __main__ - WARNING - GS-PJ Failed
2023-06-21 16:07:12,876 - __main__ - WARNING - FISV Failed
2023-06-21 16:07:13,042 - __main__ - WARNING - MS-PI Failed
2023-06-21 16:07:13,237 - __main__ - WARNING - MS-PF Failed
2023-06-21 16:07:13,252 - __main__ - WARNING - GS-PK Failed
2023-06-21 16:07:13,273 - __main__ - WARNING - DUK-PA Failed
2023-06-21 16:07:13,432 - __main__ - WARNING - SCHW-PD Failed
2023-06-21 16:07:13,642 - __main__ - WARNING - PSA-PK Failed
2023-06-21 16:07:13,643 - __main__ - WARNING - AIG-PA Failed
2023-06-21 16:07:13,898 - __main__ - WARNING - ALL-PH Failed
2023-06-21 16:07:14,044 - __main__ - WARNING - ALL-PB Failed
2023-06-21 16:07:14,871 - __main__ - WARNING - DLR-PJ Failed
2023-06-21 16:07:15,828 - __main__ - WARNING - HIG-PG Failed
2023-06-21 16:07:17,161 - __main__ - WARNING - CFG-PD Failed
2023-06-21 16:07:17,439 - __main__ - WARNING - KEY-PJ Failed
2023-06-21 16:07:17,527 - __main__ - WARNING - NLY-PF Failed
2023-06-21 16:07:17,529 - __main__ - WARNING - NLY-PG Failed
2023-06-21 16:07:17,902 - __main__ - WARNING - NI-PB Failed
2023-06-21 16:07:18,912 - __main__ - WARNING - FRT-PC Failed
2023-06-21 16:07:19,812 - __main__ - WARNING - AMH-PH Failed
2023-06-21 16:07:19,961 - __main__ - WARNING - AMH-PG Failed
2023-06-21 16:07:20,287 - __main__ - WARNING - GS-PC Failed
2023-06-21 16:07:20,368 - __main__ - WARNING - KIM-PM Failed
2023-06-21 16:07:20,737 - __main__ - WARNING - KIM-PL Failed
2023-06-21 16:07:20,774 - __main__ - WARNING - RNR-PF Failed
2023-06-21 16:07:20,886 - __main__ - WARNING - VOYA-PB Failed
2023-06-21 16:07:21,120 - __main__ - WARNING - ATH-PA Failed
2023-06-21 16:07:21,154 - __main__ - WARNING - PCG-PA Failed
2023-06-21 16:07:21,370 - __main__ - WARNING - OAK-PB Failed
2023-06-21 16:07:21,496 - __main__ - WARNING - SLG-PI Failed
2023-06-21 16:07:21,520 - __main__ - WARNING - PCG-PB Failed
2023-06-21 16:07:21,546 - __main__ - WARNING - GAB-PG Failed
2023-06-21 16:07:21,775 - __main__ - WARNING - SNV-PD Failed
2023-06-21 16:07:21,838 - __main__ - WARNING - EPR-PG Failed
2023-06-21 16:07:21,889 - __main__ - WARNING - PCG-PE Failed
2023-06-21 16:07:21,923 - __main__ - WARNING - PCG-PG Failed
2023-06-21 16:07:21,926 - __main__ - WARNING - SR-PA Failed
2023-06-21 16:07:22,063 - __main__ - WARNING - REXR-PB Failed
2023-06-21 16:07:22,238 - __main__ - WARNING - EQC-PD Failed
2023-06-21 16:07:22,294 - __main__ - WARNING - SF-PB Failed
2023-06-21 16:07:22,476 - __main__ - WARNING - SRC-PA Failed
2023-06-21 16:07:23,374 - __main__ - WARNING - CSGKF Failed
2023-06-21 16:07:23,783 - __main__ - WARNING - NS-PA Failed
2023-06-21 16:07:23,799 - __main__ - WARNING - NS-PB Failed
2023-06-21 16:07:24,159 - __main__ - WARNING - PBI-PB Failed
2023-06-21 16:07:24,212 - __main__ - WARNING - TWO-PC Failed
2023-06-21 16:07:24,434 - __main__ - WARNING - CIM-PB Failed
2023-06-21 16:07:24,520 - __main__ - WARNING - CIM-PD Failed
2023-06-21 16:07:24,545 - __main__ - WARNING - TWO-PA Failed
2023-06-21 16:07:24,565 - __main__ - WARNING - MOG-B Failed
2023-06-21 16:07:24,622 - __main__ - WARNING - TWO-PB Failed
2023-06-21 16:07:24,821 - __main__ - WARNING - CIM-PC Failed
2023-06-21 16:07:24,908 - __main__ - WARNING - INVVY Failed
2023-06-21 16:07:24,935 - __main__ - WARNING - MFA-PB Failed
2023-06-21 16:07:25,007 - __main__ - WARNING - NS-PC Failed
2023-06-21 16:07:25,010 - __main__ - WARNING - TRTN-PA Failed
2023-06-21 16:07:25,193 - __main__ - WARNING - ASB-PE Failed
2023-06-21 16:07:25,212 - __main__ - WARNING - SRG-PA Failed
2023-06-21 16:07:25,490 - __main__ - WARNING - TY-P Failed
2023-06-21 16:07:26,739 - __main__ - WARNING - NGL-PB Failed
2023-06-21 16:07:26,986 - __main__ - WARNING - IVR-PC Failed
2023-06-21 16:07:27,148 - __main__ - WARNING - GAB-PH Failed
2023-06-21 16:07:27,303 - __main__ - WARNING - GNL-PA Failed
2023-06-21 16:07:27,381 - __main__ - WARNING - GLOG-PA Failed
2023-06-21 16:07:27,572 - __main__ - WARNING - AHL-PD Failed
2023-06-21 16:07:27,572 - __main__ - WARNING - CODI-PA Failed
2023-06-21 16:07:27,958 - __main__ - WARNING - AHH-PA Failed
2023-06-21 16:07:27,960 - __main__ - WARNING - GLOP-PB Failed
2023-06-21 16:07:28,359 - __main__ - WARNING - IIPR-PA Failed
2023-06-21 16:07:28,758 - __main__ - WARNING - INN-PE Failed
2023-06-21 16:07:28,776 - __main__ - WARNING - GLOP-PC Failed
2023-06-21 16:07:28,827 - __main__ - WARNING - GAM-PB Failed
2023-06-21 16:07:29,228 - __main__ - WARNING - AGM-PD Failed
2023-06-21 16:07:29,545 - __main__ - WARNING - AGM-PC Failed
2023-06-21 16:07:29,905 - __main__ - WARNING - UBP-PH Failed
2023-06-21 16:07:30,524 - __main__ - WARNING - CMRE-PB Failed
2023-06-21 16:07:30,897 - __main__ - WARNING - CMRE-PC Failed
2023-06-21 16:07:31,192 - __main__ - WARNING - HT-PD Failed
2023-06-21 16:07:31,218 - __main__ - WARNING - CMRE-PD Failed
2023-06-21 16:07:31,301 - __main__ - WARNING - GGT-PE Failed
2023-06-21 16:07:31,605 - __main__ - WARNING - GGN-PB Failed
2023-06-21 16:07:31,616 - __main__ - WARNING - CMRE-PE Failed
2023-06-21 16:07:32,453 - __main__ - WARNING - RONI Failed
2023-06-21 16:07:32,877 - __main__ - WARNING - UMH-PD Failed
2023-06-21 16:07:32,972 - __main__ - WARNING - DGICB Failed
2023-06-21 16:07:32,988 - __main__ - WARNING - NCV-PA Failed
2023-06-21 16:07:33,370 - __main__ - WARNING - GMRE-PA Failed
2023-06-21 16:07:33,745 - __main__ - WARNING - SPLP-PA Failed
2023-06-21 16:07:33,792 - __main__ - WARNING - MTVC Failed
2023-06-21 16:07:34,112 - __main__ - WARNING - MITT-PA Failed
2023-06-21 16:07:34,127 - __main__ - WARNING - GUT-PC Failed
2023-06-21 16:07:34,489 - __main__ - WARNING - CIO-PA Failed
2023-06-21 16:07:34,511 - __main__ - WARNING - MITT-PB Failed
2023-06-21 16:07:34,534 - __main__ - WARNING - CRNCD Failed
2023-06-21 16:07:34,866 - __main__ - WARNING - BHR-PD Failed
2023-06-21 16:07:34,918 - __main__ - WARNING - TNP-PD Failed
2023-06-21 16:07:34,920 - __main__ - WARNING - TNP-PE Failed
2023-06-21 16:07:35,250 - __main__ - WARNING - BHR-PB Failed
2023-06-21 16:07:35,263 - __main__ - WARNING - AHT-PI Failed
2023-06-21 16:07:35,272 - __main__ - WARNING - AHT-PG Failed
2023-06-21 16:07:35,294 - __main__ - WARNING - AHT-PH Failed
2023-06-21 16:07:35,306 - __main__ - WARNING - CHMI-PB Failed
2023-06-21 16:07:35,317 - __main__ - WARNING - AHT-PF Failed
2023-06-21 16:07:35,466 - __main__ - WARNING - SPCM Failed
2023-06-21 16:07:35,486 - __main__ - WARNING - AHT-PD Failed
2023-06-21 16:07:35,657 - __main__ - WARNING - DLNG-PA Failed
2023-06-21 16:07:35,659 - __main__ - WARNING - SB-PD Failed
2023-06-21 16:07:35,672 - __main__ - WARNING - SCUA Failed
2023-06-21 16:07:35,695 - __main__ - WARNING - CDR-PB Failed
2023-06-21 16:07:35,710 - __main__ - WARNING - ECF-PA Failed
2023-06-21 16:07:35,871 - __main__ - WARNING - CDR-PC Failed
2023-06-21 16:07:36,056 - __main__ - WARNING - BCV-PA Failed
2023-06-21 16:07:36,267 - __main__ - WARNING - BPAC Failed
2023-06-21 16:07:36,342 - __main__ - WARNING - AVAC Failed
2023-06-21 16:07:37,047 - __main__ - WARNING - JWAC Failed
2023-06-21 16:07:38,228 - __main__ - WARNING - PKKW Failed
2023-06-21 16:07:38,771 - __main__ - WARNING - UBOH Failed
2023-06-21 16:07:38,783 - __main__ - WARNING - WVVIP Failed
2023-06-21 16:07:39,221 - __main__ - WARNING - STSA Failed
2023-06-21 16:07:41,044 - __main__ - WARNING - ANGN Failed
2023-06-21 16:07:41,792 - __main__ - WARNING - SNRH Failed
2023-06-21 16:07:42,866 - __main__ - WARNING - WVFC Failed
2023-06-21 16:07:45,262 - __main__ - WARNING - RHE-PA Failed
2023-06-21 16:07:46,457 - __main__ - WARNING - QTEK Failed
2023-06-21 16:07:51,221 - __main__ - WARNING - RPT-PD Failed
2023-06-21 16:07:51,276 - __main__ - WARNING - BAC-PL Failed
2023-06-21 16:07:51,300 - __main__ - WARNING - BAC-PM Failed
2023-06-21 16:07:51,471 - __main__ - WARNING - HGTY-WT Failed
2023-06-21 16:07:52,240 - __main__ - WARNING - CPUH-UN Failed
2023-06-21 16:07:52,523 - __main__ - WARNING - LYLTQ Failed
2023-06-21 16:07:52,660 - __main__ - WARNING - ADEX-WT Failed
2023-06-21 16:07:52,908 - __main__ - WARNING - BIP-PB Failed
2023-06-21 16:07:53,312 - __main__ - WARNING - BAC-PN Failed
2023-06-21 16:07:53,318 - __main__ - WARNING - BAC-PO Failed
2023-06-21 16:07:53,527 - __main__ - WARNING - BAC-PP Failed
2023-06-21 16:07:54,084 - __main__ - WARNING - APGB-UN Failed
2023-06-21 16:07:54,449 - __main__ - WARNING - LLAP-WT Failed
2023-06-21 16:07:54,484 - __main__ - WARNING - DNA-WT Failed
2023-06-21 16:07:55,278 - __main__ - WARNING - SBEV-WT Failed
2023-06-21 16:07:56,076 - __main__ - WARNING - GNT-PA Failed
2023-06-21 16:07:56,221 - __main__ - WARNING - EQH-PC Failed
2023-06-21 16:07:56,294 - __main__ - WARNING - ACR-PC Failed
2023-06-21 16:07:56,341 - __main__ - WARNING - ACR-PD Failed
2023-06-21 16:07:56,471 - __main__ - WARNING - RF-PE Failed
2023-06-21 16:07:56,573 - __main__ - WARNING - OPP-PA Failed
2023-06-21 16:07:56,717 - __main__ - WARNING - PRIF-PI Failed
2023-06-21 16:07:56,851 - __main__ - WARNING - PRIF-PJ Failed
2023-06-21 16:07:56,860 - __main__ - WARNING - PRIF-PK Failed
2023-06-21 16:07:56,951 - __main__ - WARNING - POL-WT Failed
2023-06-21 16:07:58,604 - __main__ - WARNING - LVWR-WT Failed
2023-06-21 16:08:00,646 - __main__ - WARNING - ZTAQW Failed
2023-06-21 16:08:01,015 - __main__ - WARNING - GRND-WT Failed
2023-06-21 16:08:01,233 - __main__ - WARNING - SNV-PE Failed
2023-06-21 16:08:01,264 - __main__ - WARNING - FHN-PF Failed
2023-06-21 16:08:01,349 - __main__ - WARNING - FHN-PB Failed
2023-06-21 16:08:01,425 - __main__ - WARNING - FHN-PE Failed
2023-06-21 16:08:01,771 - __main__ - WARNING - VLN-WT Failed
2023-06-21 16:08:02,110 - __main__ - WARNING - FREY-WT Failed
2023-06-21 16:08:02,613 - __main__ - WARNING - CCV-WT Failed
2023-06-21 16:08:02,976 - __main__ - WARNING - ALTG-PA Failed
2023-06-21 16:08:03,035 - __main__ - WARNING - SF-PC Failed
2023-06-21 16:08:04,422 - __main__ - WARNING - JJT Failed
2023-06-21 16:08:04,527 - __main__ - WARNING - JJA Failed
2023-06-21 16:08:04,723 - __main__ - WARNING - OIL Failed
2023-06-21 16:08:05,177 - __main__ - WARNING - PGM Failed
2023-06-21 16:08:05,686 - __main__ - WARNING - SGG Failed
2023-06-21 16:08:05,729 - __main__ - WARNING - JJM Failed
2023-06-21 16:08:05,866 - __main__ - WARNING - JJC Failed
2023-06-21 16:08:06,078 - __main__ - WARNING - LD Failed
2023-06-21 16:08:06,127 - __main__ - WARNING - SF-PD Failed
2023-06-21 16:08:06,495 - __main__ - WARNING - REXR-PC Failed
2023-06-21 16:08:07,353 - __main__ - WARNING - GSP Failed
2023-06-21 16:08:07,753 - __main__ - WARNING - NYCB-PU Failed
2023-06-21 16:08:08,063 - __main__ - WARNING - EPR-PE Failed
2023-06-21 16:08:08,122 - __main__ - WARNING - EPR-PC Failed
2023-06-21 16:08:08,514 - __main__ - WARNING - RBT-WT Failed
2023-06-21 16:08:08,931 - __main__ - WARNING - ATH-PB Failed
2023-06-21 16:08:09,055 - __main__ - WARNING - BCM Failed
2023-06-21 16:08:09,105 - __main__ - WARNING - ATH-PD Failed
2023-06-21 16:08:09,122 - __main__ - WARNING - ATH-PC Failed
2023-06-21 16:08:09,332 - __main__ - WARNING - ATH-PE Failed
2023-06-21 16:08:09,497 - __main__ - WARNING - FACT-WT Failed
2023-06-21 16:08:09,843 - __main__ - WARNING - TRTN-PE Failed
2023-06-21 16:08:09,940 - __main__ - WARNING - TRTN-PB Failed
2023-06-21 16:08:10,142 - __main__ - WARNING - TDS-PV Failed
2023-06-21 16:08:10,237 - __main__ - WARNING - ABR-PF Failed
2023-06-21 16:08:10,246 - __main__ - WARNING - ABR-PE Failed
2023-06-21 16:08:10,322 - __main__ - WARNING - ABR-PD Failed
2023-06-21 16:08:10,550 - __main__ - WARNING - SCHW-PJ Failed
2023-06-21 16:08:10,603 - __main__ - WARNING - GL-PD Failed
2023-06-21 16:08:10,638 - __main__ - WARNING - UP-WT Failed
2023-06-21 16:08:10,923 - __main__ - WARNING - JJG Failed
2023-06-21 16:08:11,009 - __main__ - WARNING - MET-PF Failed
2023-06-21 16:08:11,077 - __main__ - WARNING - PSEC-PA Failed
2023-06-21 16:08:11,297 - __main__ - WARNING - WAL-PA Failed
2023-06-21 16:08:11,304 - __main__ - WARNING - DLR-PL Failed
2023-06-21 16:08:11,382 - __main__ - WARNING - GDV-PK Failed
2023-06-21 16:08:11,392 - __main__ - WARNING - JJU Failed
2023-06-21 16:08:11,452 - __main__ - WARNING - ET-PC Failed
2023-06-21 16:08:11,611 - __main__ - WARNING - ET-PD Failed
2023-06-21 16:08:11,719 - __main__ - WARNING - ET-PE Failed
2023-06-21 16:08:11,763 - __main__ - WARNING - AHL-PE Failed
2023-06-21 16:08:12,178 - __main__ - WARNING - CVII-WT Failed
2023-06-21 16:08:14,311 - __main__ - WARNING - PHGE-UN Failed
2023-06-21 16:08:14,643 - __main__ - WARNING - SYF-PA Failed
2023-06-21 16:08:15,168 - __main__ - WARNING - PEB-PH Failed
2023-06-21 16:08:15,875 - __main__ - WARNING - VNO-PO Failed
2023-06-21 16:08:15,985 - __main__ - WARNING - ARGO-PA Failed
2023-06-21 16:08:16,307 - __main__ - WARNING - SLND-WT Failed
2023-06-21 16:08:16,367 - __main__ - WARNING - AFTR-UN Failed
2023-06-21 16:08:16,374 - __main__ - WARNING - AFTR-WT Failed
2023-06-21 16:08:16,432 - __main__ - WARNING - AEVA-WT Failed
2023-06-21 16:08:16,692 - __main__ - WARNING - OPFI-WT Failed
2023-06-21 16:08:16,911 - __main__ - WARNING - C-PN Failed
2023-06-21 16:08:17,521 - __main__ - WARNING - AAC-WT Failed
2023-06-21 16:08:17,632 - __main__ - WARNING - BC-PA Failed
2023-06-21 16:08:17,789 - __main__ - WARNING - AAC-UN Failed
2023-06-21 16:08:17,869 - __main__ - WARNING - MIR-WT Failed
2023-06-21 16:08:17,955 - __main__ - WARNING - BC-PC Failed
2023-06-21 16:08:18,015 - __main__ - WARNING - BC-PB Failed
2023-06-21 16:08:18,273 - __main__ - WARNING - PSA-PR Failed
2023-06-21 16:08:18,337 - __main__ - WARNING - PSA-PM Failed
2023-06-21 16:08:18,410 - __main__ - WARNING - PSA-PP Failed
2023-06-21 16:08:18,604 - __main__ - WARNING - PSA-PL Failed
2023-06-21 16:08:18,693 - __main__ - WARNING - PSA-PQ Failed
2023-06-21 16:08:18,753 - __main__ - WARNING - PSA-PF Failed
2023-06-21 16:08:18,769 - __main__ - WARNING - PSA-PJ Failed
2023-06-21 16:08:18,769 - __main__ - WARNING - PMT-PC Failed
2023-06-21 16:08:18,822 - __main__ - WARNING - PSA-PO Failed
2023-06-21 16:08:18,823 - __main__ - WARNING - PSA-PN Failed
2023-06-21 16:08:18,948 - __main__ - WARNING - PSA-PG Failed
2023-06-21 16:08:19,158 - __main__ - WARNING - AGM-PG Failed
2023-06-21 16:08:19,202 - __main__ - WARNING - ALLG-WT Failed
2023-06-21 16:08:19,279 - __main__ - WARNING - XFLT-PA Failed
2023-06-21 16:08:19,331 - __main__ - WARNING - AGM-PF Failed
2023-06-21 16:08:19,449 - __main__ - WARNING - AGM-PE Failed
2023-06-21 16:08:22,414 - __main__ - WARNING - VAL-WT Failed
2023-06-21 16:08:22,731 - __main__ - WARNING - MS-PL Failed
2023-06-21 16:08:22,781 - __main__ - WARNING - MS-PP Failed
2023-06-21 16:08:22,834 - __main__ - WARNING - MS-PO Failed
2023-06-21 16:08:23,123 - __main__ - WARNING - ADC-PA Failed
2023-06-21 16:08:23,307 - __main__ - WARNING - LNC-PD Failed
2023-06-21 16:08:23,692 - __main__ - WARNING - AP-WT Failed
2023-06-21 16:08:23,692 - __main__ - WARNING - ACHR-WT Failed
2023-06-21 16:08:23,793 - __main__ - WARNING - DBRG-PJ Failed
2023-06-21 16:08:23,879 - __main__ - WARNING - DBRG-PI Failed
2023-06-21 16:08:25,437 - __main__ - WARNING - TDW-WTA Failed
2023-06-21 16:08:25,628 - __main__ - WARNING - TDW-WT Failed
2023-06-21 16:08:25,816 - __main__ - WARNING - EGGF-WT Failed
2023-06-21 16:08:25,919 - __main__ - WARNING - PACI-WT Failed
2023-06-21 16:08:27,038 - __main__ - WARNING - MBSC-UN Failed
2023-06-21 16:08:27,336 - __main__ - WARNING - JWACR Failed
2023-06-21 16:08:27,358 - __main__ - WARNING - BHIL-WT Failed
2023-06-21 16:08:28,475 - __main__ - WARNING - KREF-PA Failed
2023-06-21 16:08:28,706 - __main__ - WARNING - LFT-PA Failed
2023-06-21 16:08:29,118 - __main__ - WARNING - PGSS-WT Failed
2023-06-21 16:08:31,752 - __main__ - WARNING - COF-PJ Failed
2023-06-21 16:08:31,759 - __main__ - WARNING - COF-PN Failed
2023-06-21 16:08:32,139 - __main__ - WARNING - COF-PK Failed
2023-06-21 16:08:32,140 - __main__ - WARNING - BFS-PE Failed
2023-06-21 16:08:32,455 - __main__ - WARNING - T-PC Failed
2023-06-21 16:08:32,518 - __main__ - WARNING - T-PA Failed
2023-06-21 16:08:32,528 - __main__ - WARNING - MFA-PC Failed
2023-06-21 16:08:32,611 - __main__ - WARNING - LEV-WT Failed
2023-06-21 16:08:32,873 - __main__ - WARNING - FATH-WT Failed
2023-06-21 16:08:32,922 - __main__ - WARNING - MTB-PH Failed
2023-06-21 16:08:32,989 - __main__ - WARNING - GWH-WT Failed
2023-06-21 16:08:33,305 - __main__ - WARNING - DOMA-WT Failed
2023-06-21 16:08:33,650 - __main__ - WARNING - BITE-WT Failed
2023-06-21 16:08:35,006 - __main__ - WARNING - VHAQ-RT Failed
2023-06-21 16:08:35,016 - __main__ - WARNING - VHAQ-WT Failed
2023-06-21 16:08:36,223 - __main__ - WARNING - ECC-PD Failed
2023-06-21 16:08:37,422 - __main__ - WARNING - HFRO-PA Failed
2023-06-21 16:08:37,561 - __main__ - WARNING - NETC-WT Failed
2023-06-21 16:08:37,798 - __main__ - WARNING - F-PD Failed
2023-06-21 16:08:37,975 - __main__ - WARNING - F-PC Failed
2023-06-21 16:08:38,180 - __main__ - WARNING - F-PB Failed
2023-06-21 16:08:38,574 - __main__ - WARNING - EVE-WT Failed
2023-06-21 16:08:38,669 - __main__ - WARNING - RCFA-WT Failed
2023-06-21 16:08:38,769 - __main__ - WARNING - JOBY-WT Failed
2023-06-21 16:08:39,036 - __main__ - WARNING - OUST-WT Failed
2023-06-21 16:08:39,092 - __main__ - WARNING - OUST-WTA Failed
2023-06-21 16:08:39,302 - __main__ - WARNING - GB-WT Failed
2023-06-21 16:08:39,504 - __main__ - WARNING - TGH-PB Failed
2023-06-21 16:08:39,901 - __main__ - WARNING - AAM-PA Failed
2023-06-21 16:08:39,913 - __main__ - WARNING - AAM-PB Failed
2023-06-21 16:08:41,040 - __main__ - WARNING - GAB-PK Failed
2023-06-21 16:08:41,235 - __main__ - WARNING - SPE-PC Failed
2023-06-21 16:08:41,560 - __main__ - WARNING - PRE-PJ Failed
2023-06-21 16:08:41,629 - __main__ - WARNING - PL-WT Failed
2023-06-21 16:08:41,740 - __main__ - WARNING - ETWO-WT Failed
2023-06-21 16:08:41,975 - __main__ - WARNING - GFX-WT Failed
2023-06-21 16:08:42,142 - __main__ - WARNING - NFNT-WT Failed
2023-06-21 16:08:42,387 - __main__ - WARNING - PORT-WT Failed
2023-06-21 16:08:43,303 - __main__ - WARNING - KEY-PL Failed
2023-06-21 16:08:43,732 - __main__ - WARNING - SUNL-WT Failed
2023-06-21 16:08:45,599 - __main__ - WARNING - IRNT-WT Failed
2023-06-21 16:08:45,633 - __main__ - WARNING - HWM-P Failed
2023-06-21 16:08:52,464 - __main__ - WARNING - SST-WT Failed
2023-06-21 16:08:52,635 - __main__ - WARNING - CFG-PE Failed
2023-06-21 16:08:52,821 - __main__ - WARNING - SCE-PL Failed
2023-06-21 16:08:53,018 - __main__ - WARNING - SCE-PK Failed
2023-06-21 16:08:53,212 - __main__ - WARNING - TFC-PR Failed
2023-06-21 16:08:53,336 - __main__ - WARNING - TFC-PI Failed
2023-06-21 16:08:53,420 - __main__ - WARNING - TFC-PO Failed
2023-06-21 16:08:53,481 - __main__ - WARNING - BKSY-WT Failed
2023-06-21 16:08:53,637 - __main__ - WARNING - UWMC-WT Failed
2023-06-21 16:08:53,742 - __main__ - WARNING - BOH-PA Failed
2023-06-21 16:08:54,502 - __main__ - WARNING - GOGN-WT Failed
2023-06-21 16:08:54,537 - __main__ - WARNING - WAVC-WT Failed
2023-06-21 16:08:54,891 - __main__ - WARNING - GOGN-UN Failed
2023-06-21 16:08:55,723 - __main__ - WARNING - LMND-WT Failed
2023-06-21 16:08:56,140 - __main__ - WARNING - ATCO-PI Failed
2023-06-21 16:08:56,224 - __main__ - WARNING - ATCO-PH Failed
2023-06-21 16:08:56,626 - __main__ - WARNING - UBP-PK Failed
2023-06-21 16:08:56,808 - __main__ - WARNING - AEL-PA Failed
2023-06-21 16:08:56,822 - __main__ - WARNING - AEL-PB Failed
2023-06-21 16:08:57,029 - __main__ - WARNING - SHO-PH Failed
2023-06-21 16:08:57,180 - __main__ - WARNING - RNR-PG Failed
2023-06-21 16:08:57,564 - __main__ - WARNING - WBS-PG Failed
2023-06-21 16:08:57,740 - __main__ - WARNING - SEAL-PA Failed
2023-06-21 16:08:57,944 - __main__ - WARNING - GDL-PC Failed
2023-06-21 16:08:58,250 - __main__ - WARNING - GRNT-WT Failed
2023-06-21 16:08:58,648 - __main__ - WARNING - GSQB-WT Failed
2023-06-21 16:08:58,788 - __main__ - WARNING - WBX-WT Failed
2023-06-21 16:08:59,057 - __main__ - WARNING - WFC-PA Failed
2023-06-21 16:08:59,198 - __main__ - WARNING - WFC-PD Failed
2023-06-21 16:08:59,626 - __main__ - WARNING - FLME-WT Failed
2023-06-21 16:09:00,026 - __main__ - WARNING - BURU-WT Failed
2023-06-21 16:09:00,154 - __main__ - WARNING - SMR-WT Failed
2023-06-21 16:09:00,394 - __main__ - WARNING - ZEV-WT Failed
2023-06-21 16:09:00,433 - __main__ - WARNING - CVE-WT Failed
2023-06-21 16:09:00,557 - __main__ - WARNING - PSFE-WT Failed
2023-06-21 16:09:00,937 - __main__ - WARNING - ALL-PI Failed
2023-06-21 16:09:01,420 - __main__ - WARNING - AUB-PA Failed
2023-06-21 16:09:01,429 - __main__ - WARNING - GTXAP Failed
2023-06-21 16:09:01,811 - __main__ - WARNING - WRB-PH Failed
2023-06-21 16:09:01,885 - __main__ - WARNING - WRB-PF Failed
2023-06-21 16:09:02,200 - __main__ - WARNING - EVTL-WT Failed
2023-06-21 16:09:02,520 - __main__ - WARNING - SHPW-WT Failed
2023-06-21 16:09:03,182 - __main__ - WARNING - NLY-PI Failed
2023-06-21 16:09:03,230 - __main__ - WARNING - RWT-PA Failed
2023-06-21 16:09:03,321 - __main__ - WARNING - CNO-PA Failed
2023-06-21 16:09:03,734 - __main__ - WARNING - ACP-PA Failed
2023-06-21 16:09:04,207 - __main__ - WARNING - RITM-PC Failed
2023-06-21 16:09:04,332 - __main__ - WARNING - RITM-PA Failed
2023-06-21 16:09:04,584 - __main__ - WARNING - RITM-PB Failed
2023-06-21 16:09:04,612 - __main__ - WARNING - RITM-PD Failed
2023-06-21 16:09:05,027 - __main__ - WARNING - SPNT-PB Failed
2023-06-21 16:09:05,161 - __main__ - WARNING - GNL-PB Failed
2023-06-21 16:09:05,246 - __main__ - WARNING - CMS-PC Failed
2023-06-21 16:09:05,411 - __main__ - WARNING - RJF-PB Failed
2023-06-21 16:09:05,622 - __main__ - WARNING - AAIC-PC Failed
2023-06-21 16:09:05,818 - __main__ - WARNING - AAIC-PB Failed
2023-06-21 16:09:06,025 - __main__ - WARNING - RDW-WT Failed
2023-06-21 16:09:06,392 - __main__ - WARNING - CSTA-WT Failed
2023-06-21 16:09:06,851 - __main__ - WARNING - OPAD-WT Failed
2023-06-21 16:09:07,973 - __main__ - WARNING - EFC-PB Failed
2023-06-21 16:09:08,065 - __main__ - WARNING - EFC-PC Failed
2023-06-21 16:09:08,129 - __main__ - WARNING - EFC-PA Failed
2023-06-21 16:09:08,347 - __main__ - WARNING - RBOT-WT Failed
2023-06-21 16:09:10,964 - __main__ - WARNING - BEP-PA Failed
2023-06-21 16:09:11,112 - __main__ - WARNING - GROY-WT Failed
2023-06-21 16:09:11,520 - __main__ - WARNING - RONI-WT Failed
2023-06-21 16:09:11,973 - __main__ - WARNING - AMPX-WT Failed
2023-06-21 16:09:12,007 - __main__ - WARNING - OWLT-WT Failed
2023-06-21 16:09:12,306 - __main__ - WARNING - BBAI-WT Failed
2023-06-21 16:09:13,094 - __main__ - WARNING - JXN-PA Failed
2023-06-21 16:09:13,102 - __main__ - WARNING - NFYS-WT Failed
2023-06-21 16:09:13,491 - __main__ - WARNING - JPM-PL Failed
2023-06-21 16:09:13,767 - __main__ - WARNING - JPM-PK Failed
2023-06-21 16:09:13,892 - __main__ - WARNING - ROSS-WT Failed
2023-06-21 16:09:14,199 - __main__ - WARNING - NSTD-WT Failed
2023-06-21 16:09:14,200 - __main__ - WARNING - BRDS-WT Failed
2023-06-21 16:09:15,447 - __main__ - WARNING - MITT-PC Failed
2023-06-21 16:09:15,447 - __main__ - WARNING - SPCMW Failed
2023-06-21 16:09:15,456 - __main__ - WARNING - APTV-PA Failed
